TN:
SF:/Users/cliffano/dev/workspace/datagen/lib/child.js
FN:9,worker
FN:16,(anonymous_2)
FNF:2
FNH:2
FNDA:1,worker
FNDA:1,(anonymous_2)
DA:1,1
DA:9,1
DA:10,1
DA:11,1
DA:17,1
DA:18,1
DA:23,1
LF:7
LH:7
BRF:0
BRH:0
end_of_record
TN:
SF:/Users/cliffano/dev/workspace/datagen/lib/worker.js
FN:10,Worker
FN:25,(anonymous_2)
FN:36,write
FN:39,(anonymous_4)
FN:45,(anonymous_5)
FN:50,(anonymous_6)
FN:59,(anonymous_7)
FNF:7
FNH:7
FNDA:5,Worker
FNDA:4,(anonymous_2)
FNDA:6,write
FNDA:2,(anonymous_4)
FNDA:2,(anonymous_5)
FNDA:4,(anonymous_6)
FNDA:1,(anonymous_7)
DA:1,1
DA:10,1
DA:11,5
DA:25,1
DA:27,4
DA:33,4
DA:34,4
DA:36,1
DA:37,6
DA:38,2
DA:39,2
DA:40,2
DA:43,4
DA:44,2
DA:45,2
DA:46,2
DA:49,4
DA:50,4
DA:51,4
DA:52,4
DA:53,3
DA:59,4
DA:60,1
DA:62,4
DA:63,4
DA:64,4
DA:67,1
LF:27
LH:27
BRDA:37,1,0,2
BRDA:37,1,1,4
BRDA:43,2,0,2
BRDA:43,2,1,2
BRDA:52,3,0,3
BRDA:52,3,1,1
BRF:6
BRH:6
end_of_record
TN:
SF:/Users/cliffano/dev/workspace/datagen/lib/functions.js
FN:13,integer
FN:33,_float
FN:54,date
FN:56,_timestamp
FN:88,select
FN:100,word
FN:118,firstName
FN:127,lastName
FN:136,email
FN:146,phone
FN:155,_phone
FNF:11
FNH:11
FNDA:3,integer
FNDA:3,_float
FNDA:4,date
FNDA:8,_timestamp
FNDA:3,select
FNDA:2,word
FNDA:1,firstName
FNDA:1,lastName
FNDA:1,email
FNDA:2,phone
FNDA:2,_phone
DA:1,1
DA:13,1
DA:14,3
DA:16,3
DA:17,2
DA:20,1
DA:21,1
DA:23,3
DA:33,1
DA:34,3
DA:36,3
DA:37,2
DA:40,1
DA:41,1
DA:43,3
DA:54,1
DA:56,1
DA:57,8
DA:60,4
DA:62,4
DA:63,1
DA:65,3
DA:66,1
DA:67,1
DA:68,1
DA:70,2
DA:71,1
DA:72,1
DA:75,1
DA:76,1
DA:77,1
DA:79,4
DA:88,1
DA:90,3
DA:91,3
DA:100,1
DA:101,2
DA:103,2
DA:104,1
DA:107,1
DA:108,1
DA:110,2
DA:118,1
DA:119,1
DA:127,1
DA:128,1
DA:136,1
DA:137,1
DA:146,1
DA:148,2
DA:151,1
DA:152,1
DA:155,1
DA:156,2
DA:157,2
DA:158,23
DA:160,2
DA:162,2
DA:165,1
LF:59
LH:59
BRDA:16,1,0,2
BRDA:16,1,1,1
BRDA:16,2,0,3
BRDA:16,2,1,3
BRDA:16,2,2,2
BRDA:36,3,0,2
BRDA:36,3,1,1
BRDA:36,4,0,3
BRDA:36,4,1,3
BRDA:36,4,2,2
BRDA:62,5,0,1
BRDA:62,5,1,3
BRDA:62,6,0,4
BRDA:62,6,1,4
BRDA:62,6,2,3
BRDA:62,6,3,2
BRDA:65,7,0,1
BRDA:65,7,1,2
BRDA:65,8,0,3
BRDA:65,8,1,3
BRDA:65,8,2,2
BRDA:70,9,0,1
BRDA:70,9,1,1
BRDA:70,10,0,2
BRDA:70,10,1,2
BRDA:103,11,0,1
BRDA:103,11,1,1
BRDA:103,12,0,2
BRDA:103,12,1,2
BRDA:148,13,0,1
BRDA:148,13,1,1
BRDA:148,14,0,2
BRDA:148,14,1,2
BRDA:158,15,0,19
BRDA:158,15,1,4
BRF:35
BRH:35
end_of_record
TN:
SF:/Users/cliffano/dev/workspace/datagen/lib/cli.js
FN:4,_init
FN:9,_generate
FN:22,exec
FNF:3
FNH:3
FNDA:1,_init
FNDA:2,_generate
FNDA:4,exec
DA:1,1
DA:4,1
DA:5,1
DA:6,1
DA:9,1
DA:10,2
DA:22,1
DA:24,4
DA:31,4
DA:34,1
LF:10
LH:10
BRDA:12,1,0,1
BRDA:12,1,1,1
BRDA:13,2,0,1
BRDA:13,2,1,1
BRDA:14,3,0,1
BRDA:14,3,1,1
BRF:6
BRH:6
end_of_record
TN:
SF:/Users/cliffano/dev/workspace/datagen/lib/datagen.js
FN:10,DataGen
FN:18,(anonymous_2)
FN:32,(anonymous_3)
FN:38,(anonymous_4)
FN:47,endWorkerFarm
FNF:5
FNH:5
FNDA:7,DataGen
FNDA:1,(anonymous_2)
FNDA:3,(anonymous_3)
FNDA:9,(anonymous_4)
FNDA:5,endWorkerFarm
DA:1,4
DA:10,1
DA:18,4
DA:19,1
DA:32,4
DA:34,3
DA:35,3
DA:37,3
DA:38,3
DA:39,9
DA:42,3
DA:43,3
DA:44,1
DA:47,1
DA:48,5
DA:51,3
DA:52,3
DA:53,5
DA:60,5
DA:64,4
LF:20
LH:20
BRDA:35,1,0,3
BRDA:35,1,1,1
BRDA:39,2,0,6
BRDA:39,2,1,3
BRDA:43,3,0,1
BRDA:43,3,1,2
BRDA:56,4,0,5
BRDA:56,4,1,2
BRDA:57,5,0,5
BRDA:57,5,1,1
BRDA:58,6,0,5
BRDA:58,6,1,1
BRF:12
BRH:12
end_of_record
